<?xml version="1.0" encoding="UTF-8"?>
<!-- Generated by org.testng.reporters.JUnitReportReporter -->
<testsuite hostname="Pallavi-Sadhus-MacBook-Air.local" failures="0" tests="6" name="tests.UtilityTest" time="0.951" errors="0" timestamp="2022-12-21T08:30:23 CST" skipped="0">
  <testcase classname="tests.UtilityTest" name="selectFromDropdown1" time="0.325"/>
  <system-out/>
  <testcase classname="tests.UtilityTest" name="selectFromDropdown3" time="0.138"/>
  <system-out/>
  <testcase classname="tests.UtilityTest" name="selectFromDropdown2" time="0.094"/>
  <system-out/>
  <testcase classname="tests.UtilityTest" name="selectRadioButton" time="0.092"/>
  <system-out/>
  <testcase classname="tests.UtilityTest" name="selectFromDropdown4" time="0.150"/>
  <system-out/>
  <testcase classname="tests.UtilityTest" name="selectCheckBox" time="0.152"/>
  <system-out/>
</testsuite> <!-- tests.UtilityTest -->
